<?xml version="1.0" encoding="UTF-8"?>
<testsuite xmlns:xsi="http://www.w3.org/2001/XMLSchema-instance" xsi:noNamespaceSchemaLocation="https://maven.apache.org/surefire/maven-surefire-plugin/xsd/surefire-test-report.xsd" name="cn.burgeon.bos.test.HelloTests" time="3.137" tests="1" errors="1" skipped="0" failures="0">
  <properties>
[...]
</properties>
  <testcase name="getHello" classname="cn.burgeon.bos.test.HelloTests" time="0.253">
    <error message="org.springframework.test.web.client.match.ContentRequestMatchers$$Lambda$417/736868175 cannot be cast to org.springframework.test.web.servlet.ResultMatcher" type="java.lang.ClassCastException">java.lang.ClassCastException: org.springframework.test.web.client.match.ContentRequestMatchers$$Lambda$417/736868175 cannot be cast to org.springframework.test.web.servlet.ResultMatcher
	at cn.burgeon.bos.test.HelloTests.getHello(HelloTests.java:38)
</error>
    <system-out><![CDATA[12:01:52.926 [main] DEBUG org.springframework.test.context.junit4.SpringJUnit4ClassRunner - SpringJUnit4ClassRunner constructor called with [class cn.burgeon.bos.test.HelloTests]
12:01:52.932 [main] DEBUG org.springframework.test.context.BootstrapUtils - Instantiating CacheAwareContextLoaderDelegate from class [org.springframework.test.context.cache.DefaultCacheAwareContextLoaderDelegate]
12:01:52.940 [main] DEBUG org.springframework.test.context.BootstrapUtils - Instantiating BootstrapContext using constructor [public org.springframework.test.context.support.DefaultBootstrapContext(java.lang.Class,org.springframework.test.context.CacheAwareContextLoaderDelegate)]
12:01:52.958 [main] DEBUG org.springframework.test.context.BootstrapUtils - Instantiating TestContextBootstrapper for test class [cn.burgeon.bos.test.HelloTests] from class [org.springframework.boot.test.context.SpringBootTestContextBootstrapper]
12:01:52.971 [main] INFO org.springframework.boot.test.context.SpringBootTestContextBootstrapper - Neither @ContextConfiguration nor @ContextHierarchy found for test class [cn.burgeon.bos.test.HelloTests], using SpringBootContextLoader
12:01:52.974 [main] DEBUG org.springframework.test.context.support.AbstractContextLoader - Did not detect default resource location for test class [cn.burgeon.bos.test.HelloTests]: class path resource [cn/burgeon/bos/test/HelloTests-context.xml] does not exist
12:01:52.975 [main] DEBUG org.springframework.test.context.support.AbstractContextLoader - Did not detect default resource location for test class [cn.burgeon.bos.test.HelloTests]: class path resource [cn/burgeon/bos/test/HelloTestsContext.groovy] does not exist
12:01:52.975 [main] INFO org.springframework.test.context.support.AbstractContextLoader - Could not detect default resource locations for test class [cn.burgeon.bos.test.HelloTests]: no resource found for suffixes {-context.xml, Context.groovy}.
12:01:52.976 [main] INFO org.springframework.test.context.support.AnnotationConfigContextLoaderUtils - Could not detect default configuration classes for test class [cn.burgeon.bos.test.HelloTests]: HelloTests does not declare any static, non-private, non-final, nested classes annotated with @Configuration.
12:01:53.026 [main] DEBUG org.springframework.test.context.support.ActiveProfilesUtils - Could not find an 'annotation declaring class' for annotation type [org.springframework.test.context.ActiveProfiles] and class [cn.burgeon.bos.test.HelloTests]
12:01:53.110 [main] DEBUG org.springframework.context.annotation.ClassPathScanningCandidateComponentProvider - Identified candidate component class: file [F:\WorkSpace\Sungeon\burgeon-notice\target\classes\cn\burgeon\bos\Application.class]
12:01:53.112 [main] INFO org.springframework.boot.test.context.SpringBootTestContextBootstrapper - Found @SpringBootConfiguration cn.burgeon.bos.Application for test class cn.burgeon.bos.test.HelloTests
12:01:53.192 [main] DEBUG org.springframework.boot.test.context.SpringBootTestContextBootstrapper - @TestExecutionListeners is not present for class [cn.burgeon.bos.test.HelloTests]: using defaults.
12:01:53.193 [main] INFO org.springframework.boot.test.context.SpringBootTestContextBootstrapper - Loaded default TestExecutionListener class names from location [META-INF/spring.factories]: [org.springframework.boot.test.mock.mockito.MockitoTestExecutionListener, org.springframework.boot.test.mock.mockito.ResetMocksTestExecutionListener, org.springframework.boot.test.autoconfigure.restdocs.RestDocsTestExecutionListener, org.springframework.boot.test.autoconfigure.web.client.MockRestServiceServerResetTestExecutionListener, org.springframework.boot.test.autoconfigure.web.servlet.MockMvcPrintOnlyOnFailureTestExecutionListener, org.springframework.boot.test.autoconfigure.web.servlet.WebDriverTestExecutionListener, org.springframework.test.context.web.ServletTestExecutionListener, org.springframework.test.context.support.DirtiesContextBeforeModesTestExecutionListener, org.springframework.test.context.support.DependencyInjectionTestExecutionListener, org.springframework.test.context.support.DirtiesContextTestExecutionListener, org.springframework.test.context.transaction.TransactionalTestExecutionListener, org.springframework.test.context.jdbc.SqlScriptsTestExecutionListener]
12:01:53.207 [main] INFO org.springframework.boot.test.context.SpringBootTestContextBootstrapper - Using TestExecutionListeners: [org.springframework.test.context.web.ServletTestExecutionListener@223191a6, org.springframework.test.context.support.DirtiesContextBeforeModesTestExecutionListener@49139829, org.springframework.boot.test.mock.mockito.MockitoTestExecutionListener@9597028, org.springframework.boot.test.autoconfigure.SpringBootDependencyInjectionTestExecutionListener@6069db50, org.springframework.test.context.support.DirtiesContextTestExecutionListener@4efbca5a, org.springframework.test.context.transaction.TransactionalTestExecutionListener@1b7cc17c, org.springframework.test.context.jdbc.SqlScriptsTestExecutionListener@59662a0b, org.springframework.boot.test.mock.mockito.ResetMocksTestExecutionListener@77fbd92c, org.springframework.boot.test.autoconfigure.restdocs.RestDocsTestExecutionListener@67c27493, org.springframework.boot.test.autoconfigure.web.client.MockRestServiceServerResetTestExecutionListener@1a482e36, org.springframework.boot.test.autoconfigure.web.servlet.MockMvcPrintOnlyOnFailureTestExecutionListener@72967906, org.springframework.boot.test.autoconfigure.web.servlet.WebDriverTestExecutionListener@5b8dfcc1]
12:01:53.209 [main] DEBUG org.springframework.test.annotation.ProfileValueUtils - Retrieved @ProfileValueSourceConfiguration [null] for test class [cn.burgeon.bos.test.HelloTests]
12:01:53.209 [main] DEBUG org.springframework.test.annotation.ProfileValueUtils - Retrieved ProfileValueSource type [class org.springframework.test.annotation.SystemProfileValueSource] for class [cn.burgeon.bos.test.HelloTests]
12:01:53.210 [main] DEBUG org.springframework.test.annotation.ProfileValueUtils - Retrieved @ProfileValueSourceConfiguration [null] for test class [cn.burgeon.bos.test.HelloTests]
12:01:53.211 [main] DEBUG org.springframework.test.annotation.ProfileValueUtils - Retrieved ProfileValueSource type [class org.springframework.test.annotation.SystemProfileValueSource] for class [cn.burgeon.bos.test.HelloTests]
12:01:53.212 [main] DEBUG org.springframework.test.annotation.ProfileValueUtils - Retrieved @ProfileValueSourceConfiguration [null] for test class [cn.burgeon.bos.test.HelloTests]
12:01:53.212 [main] DEBUG org.springframework.test.annotation.ProfileValueUtils - Retrieved ProfileValueSource type [class org.springframework.test.annotation.SystemProfileValueSource] for class [cn.burgeon.bos.test.HelloTests]
12:01:53.215 [main] DEBUG org.springframework.test.context.support.AbstractDirtiesContextTestExecutionListener - Before test class: context [DefaultTestContext@2a4fb17b testClass = HelloTests, testInstance = [null], testMethod = [null], testException = [null], mergedContextConfiguration = [WebMergedContextConfiguration@5c6648b0 testClass = HelloTests, locations = '{}', classes = '{class cn.burgeon.bos.Application}', contextInitializerClasses = '[]', activeProfiles = '{}', propertySourceLocations = '{}', propertySourceProperties = '{org.springframework.boot.test.context.SpringBootTestContextBootstrapper=true}', contextCustomizers = set[org.springframework.boot.test.context.filter.ExcludeFilterContextCustomizer@13c27452, org.springframework.boot.test.json.DuplicateJsonObjectContextCustomizerFactory$DuplicateJsonObjectContextCustomizer@5ed828d, org.springframework.boot.test.mock.mockito.MockitoContextCustomizer@0, org.springframework.boot.test.web.client.TestRestTemplateContextCustomizer@2db7a79b, org.springframework.boot.test.autoconfigure.properties.PropertyMappingContextCustomizer@0, org.springframework.boot.test.autoconfigure.web.servlet.WebDriverContextCustomizerFactory$Customizer@c81cdd1], resourceBasePath = 'src/main/webapp', contextLoader = 'org.springframework.boot.test.context.SpringBootContextLoader', parent = [null]], attributes = map['org.springframework.test.context.web.ServletTestExecutionListener.activateListener' -> true]], class annotated with @DirtiesContext [false] with mode [null].
12:01:53.215 [main] DEBUG org.springframework.test.annotation.ProfileValueUtils - Retrieved @ProfileValueSourceConfiguration [null] for test class [cn.burgeon.bos.test.HelloTests]
12:01:53.216 [main] DEBUG org.springframework.test.annotation.ProfileValueUtils - Retrieved ProfileValueSource type [class org.springframework.test.annotation.SystemProfileValueSource] for class [cn.burgeon.bos.test.HelloTests]
12:01:53.234 [main] DEBUG org.springframework.test.context.support.TestPropertySourceUtils - Adding inlined properties to environment: {spring.jmx.enabled=false, org.springframework.boot.test.context.SpringBootTestContextBootstrapper=true, server.port=-1}

  .   ____          _            __ _ _
 /\\ / ___'_ __ _ _(_)_ __  __ _ \ \ \ \
( ( )\___ | '_ | '_| | '_ \/ _` | \ \ \ \
 \\/  ___)| |_)| | | | | || (_| |  ) ) ) )
  '  |____| .__|_| |_|_| |_\__, | / / / /
 =========|_|==============|___/=/_/_/_/
 :: Spring Boot ::        (v2.1.3.RELEASE)

2019-07-26 12:01:53 [INFO] - [main] - cn.burgeon.bos.test.HelloTests[line:50] - Starting HelloTests on PC-Charles with PID 18464 (started by Charles in F:\WorkSpace\Sungeon\burgeon-notice)
 2019-07-26 12:01:53 [INFO] - [main] - cn.burgeon.bos.test.HelloTests[line:675] - No active profile set, falling back to default profiles: default
 2019-07-26 12:01:55 [INFO] - [main] - org.springframework.scheduling.concurrent.ThreadPoolTaskExecutor[line:171] - Initializing ExecutorService 'applicationTaskExecutor'
 2019-07-26 12:01:55 [INFO] - [main] - org.quartz.impl.StdSchedulerFactory[line:1208] - Using default implementation for ThreadExecutor
 2019-07-26 12:01:55 [INFO] - [main] - org.quartz.core.SchedulerSignalerImpl[line:61] - Initialized Scheduler Signaller of type: class org.quartz.core.SchedulerSignalerImpl
 2019-07-26 12:01:55 [INFO] - [main] - org.quartz.core.QuartzScheduler[line:229] - Quartz Scheduler v.2.3.0 created.
 2019-07-26 12:01:55 [INFO] - [main] - org.quartz.simpl.RAMJobStore[line:155] - RAMJobStore initialized.
 2019-07-26 12:01:55 [INFO] - [main] - org.quartz.core.QuartzScheduler[line:294] - Scheduler meta-data: Quartz Scheduler (v2.3.0) 'quartzScheduler' with instanceId 'NON_CLUSTERED'
  Scheduler class: 'org.quartz.core.QuartzScheduler' - running locally.
  NOT STARTED.
  Currently in standby mode.
  Number of jobs executed: 0
  Using thread pool 'org.quartz.simpl.SimpleThreadPool' - with 10 threads.
  Using job-store 'org.quartz.simpl.RAMJobStore' - which does not support persistence. and is not clustered.

 2019-07-26 12:01:55 [INFO] - [main] - org.quartz.impl.StdSchedulerFactory[line:1362] - Quartz scheduler 'quartzScheduler' initialized from an externally provided properties instance.
 2019-07-26 12:01:55 [INFO] - [main] - org.quartz.impl.StdSchedulerFactory[line:1366] - Quartz scheduler version: 2.3.0
 2019-07-26 12:01:55 [INFO] - [main] - org.quartz.core.QuartzScheduler[line:2287] - JobFactory set to: org.springframework.scheduling.quartz.SpringBeanJobFactory@3721177d
 2019-07-26 12:01:55 [INFO] - [main] - org.springframework.scheduling.concurrent.ThreadPoolTaskScheduler[line:171] - Initializing ExecutorService 'taskScheduler'
 2019-07-26 12:01:55 [INFO] - [main] - org.springframework.scheduling.quartz.SchedulerFactoryBean[line:726] - Starting Quartz Scheduler now
 2019-07-26 12:01:55 [INFO] - [main] - org.quartz.core.QuartzScheduler[line:547] - Scheduler quartzScheduler_$_NON_CLUSTERED started.
 2019-07-26 12:01:55 [INFO] - [main] - cn.burgeon.bos.test.HelloTests[line:59] - Started HelloTests in 2.306 seconds (JVM running for 3.045)
 2019-07-26 12:01:55 [INFO] - [main] - cn.burgeon.bos.test.HelloTests[line:31] - =====TEST=====
 2019-07-26 12:01:55 [INFO] - [main] - org.springframework.mock.web.MockServletContext[line:444] - Initializing Spring TestDispatcherServlet ''
 2019-07-26 12:01:55 [INFO] - [main] - org.springframework.test.web.servlet.TestDispatcherServlet[line:524] - Initializing Servlet ''
 2019-07-26 12:01:55 [INFO] - [main] - org.springframework.test.web.servlet.TestDispatcherServlet[line:546] - Completed initialization in 0 ms
 ]]></system-out>
  </testcase>
</testsuite>